<?xml version="1.0" encoding="UTF-8"?>
<testsuite xmlns:xsi="http://www.w3.org/2001/XMLSchema-instance" xsi:noNamespaceSchemaLocation="https://maven.apache.org/surefire/maven-surefire-plugin/xsd/surefire-test-report.xsd" name="io.javabrains.MathUtilsTest" time="0.03" tests="4" errors="0" skipped="1" failures="0">
  <properties>
[...]
</properties>
  <testcase name="testAdd" classname="io.javabrains.MathUtilsTest" time="0.011"/>
  <testcase name="tesComputeCircleRadius" classname="io.javabrains.MathUtilsTest" time="0.003"/>
  <testcase name="testDisabled" classname="io.javabrains.MathUtilsTest" time="0">
    <skipped message="void io.javabrains.MathUtilsTest.testDisabled() is @Disabled"/>
  </testcase>
  <testcase name="testDivide" classname="io.javabrains.MathUtilsTest" time="0.003"/>
</testsuite>